<?xml version="1.0" encoding="UTF-8"?>
<!-- Generated by org.testng.reporters.JUnitReportReporter -->
<testsuite hostname="PC089NN3" name="com.sick.dev.lib.SICKQuiz1" tests="1" failures="0" timestamp="13 Jan 2016 07:12:38 GMT" time="10.419" errors="0">
  <testcase name="f" time="10.419" classname="com.sick.dev.lib.SICKQuiz1"/>
</testsuite> <!-- com.sick.dev.lib.SICKQuiz1 -->
